TN:
SF:src/app.ts
FNF:0
FNH:0
DA:1,1
DA:2,1
DA:3,1
DA:4,1
DA:5,1
DA:6,1
DA:7,1
DA:8,1
DA:9,1
DA:10,1
DA:11,1
DA:12,1
DA:13,1
DA:14,1
DA:15,1
DA:16,1
DA:17,1
LF:17
LH:17
BRF:0
BRH:0
end_of_record
TN:
SF:src/database/index.ts
FN:12,connectToProduction
FN:27,connectToTest
FNF:2
FNH:1
FNDA:0,connectToProduction
FNDA:6,connectToTest
DA:1,1
DA:2,1
DA:3,1
DA:4,1
DA:5,1
DA:6,1
DA:7,1
DA:8,1
DA:9,1
DA:10,1
DA:11,1
DA:12,1
DA:13,0
DA:14,0
DA:15,0
DA:16,0
DA:17,0
DA:18,0
DA:19,0
DA:20,0
DA:21,0
DA:22,0
DA:23,0
DA:24,0
DA:25,1
DA:26,1
DA:27,1
DA:28,6
DA:29,6
DA:30,6
DA:31,6
DA:32,6
DA:33,6
DA:34,6
DA:35,6
DA:36,6
DA:37,6
DA:38,6
DA:39,6
DA:40,6
DA:41,6
DA:42,6
DA:43,6
DA:44,1
DA:45,1
LF:45
LH:33
BRDA:9,0,0,0
BRDA:27,1,0,6
BRDA:27,2,0,6
BRDA:28,3,0,6
BRDA:36,4,0,6
BRDA:45,5,0,3
BRDA:45,6,0,0
BRF:7
BRH:5
end_of_record
TN:
SF:src/database/entity/Automovel.ts
FN:14,Automovel
FNF:1
FNH:1
FNDA:11,Automovel
DA:1,1
DA:2,1
DA:3,1
DA:4,1
DA:5,1
DA:6,1
DA:7,1
DA:8,1
DA:9,1
DA:10,1
DA:11,1
DA:12,1
DA:13,1
DA:14,11
DA:15,11
DA:16,11
DA:17,11
DA:18,11
DA:19,11
DA:20,11
DA:21,11
DA:22,11
DA:23,11
DA:24,11
DA:25,11
DA:26,11
DA:27,11
DA:28,11
DA:29,11
DA:30,11
DA:31,11
DA:32,11
DA:33,11
DA:34,11
DA:35,11
DA:36,1
DA:37,1
LF:37
LH:37
BRDA:14,0,0,3
BRDA:14,1,0,11
BRDA:27,2,0,6
BRDA:27,3,0,6
BRF:4
BRH:4
end_of_record
TN:
SF:src/database/entity/Motoristas.ts
FN:14,Motoristas
FNF:1
FNH:1
FNDA:11,Motoristas
DA:1,1
DA:2,1
DA:3,1
DA:4,1
DA:5,1
DA:6,1
DA:7,1
DA:8,1
DA:9,1
DA:10,1
DA:11,1
DA:12,1
DA:13,1
DA:14,11
DA:15,11
DA:16,11
DA:17,11
DA:18,11
DA:19,11
DA:20,11
DA:21,11
DA:22,11
DA:23,11
DA:24,11
DA:25,11
DA:26,11
DA:27,11
DA:28,11
DA:29,11
DA:30,1
DA:31,1
LF:31
LH:31
BRDA:14,0,0,3
BRDA:14,1,0,11
BRDA:21,2,0,6
BRDA:21,3,0,6
BRF:4
BRH:4
end_of_record
TN:
SF:src/database/entity/Utilizacao.ts
FN:15,Utilizacao
FNF:1
FNH:1
FNDA:6,Utilizacao
DA:1,1
DA:2,1
DA:3,1
DA:4,1
DA:5,1
DA:6,1
DA:7,1
DA:8,1
DA:9,1
DA:10,1
DA:11,1
DA:12,1
DA:13,1
DA:14,1
DA:15,6
DA:16,6
DA:17,6
DA:18,6
DA:19,6
DA:20,6
DA:21,6
DA:22,6
DA:23,6
DA:24,6
DA:25,6
DA:26,6
DA:27,6
DA:28,6
DA:29,6
DA:30,6
DA:31,6
DA:32,6
DA:33,6
DA:34,6
DA:35,6
DA:36,6
DA:37,6
DA:38,6
DA:39,6
DA:40,6
DA:41,6
DA:42,6
DA:43,6
DA:44,6
DA:45,6
DA:46,1
DA:47,1
LF:47
LH:47
BRDA:15,0,0,3
BRDA:15,1,0,6
BRDA:34,2,0,6
BRDA:34,3,0,6
BRDA:37,4,0,6
BRDA:37,5,0,6
BRF:6
BRH:6
end_of_record
TN:
SF:src/modules/routes.ts
FNF:0
FNH:0
DA:1,1
DA:2,1
DA:3,1
DA:4,1
DA:5,1
DA:6,1
DA:7,1
DA:8,1
DA:9,1
DA:10,1
DA:11,1
DA:12,1
DA:13,1
DA:14,1
DA:15,1
DA:16,1
DA:17,1
DA:18,1
DA:19,1
DA:20,1
DA:21,1
DA:22,1
DA:23,1
DA:24,1
DA:25,1
DA:26,1
DA:27,1
DA:28,1
DA:29,1
DA:30,1
DA:31,1
DA:32,1
DA:33,1
DA:34,1
LF:34
LH:34
BRF:0
BRH:0
end_of_record
TN:
SF:src/modules/Controllers/aluguel.ts
FN:4,create
FN:14,getList
FN:23,update
FNF:3
FNH:1
FNDA:1,create
FNDA:0,getList
FNDA:0,update
DA:1,1
DA:2,1
DA:3,1
DA:4,1
DA:5,1
DA:6,1
DA:7,1
DA:8,1
DA:9,1
DA:10,1
DA:11,1
DA:12,1
DA:13,1
DA:14,1
DA:15,0
DA:16,0
DA:17,0
DA:18,0
DA:19,0
DA:20,0
DA:21,0
DA:22,1
DA:23,1
DA:24,0
DA:25,0
DA:26,0
DA:27,0
DA:28,0
DA:29,0
DA:30,0
DA:31,0
DA:32,0
DA:33,1
DA:34,1
DA:35,1
DA:36,1
DA:37,1
DA:38,1
LF:38
LH:22
BRDA:4,0,0,1
BRDA:4,1,0,1
BRDA:10,2,0,0
BRF:3
BRH:2
end_of_record
TN:
SF:src/modules/Controllers/automovel.ts
FN:4,create
FN:13,getList
FN:22,update
FN:33,remove
FNF:4
FNH:4
FNDA:2,create
FNDA:1,getList
FNDA:1,update
FNDA:1,remove
DA:1,1
DA:2,1
DA:3,1
DA:4,1
DA:5,2
DA:6,2
DA:7,2
DA:8,2
DA:9,2
DA:10,2
DA:11,2
DA:12,1
DA:13,1
DA:14,1
DA:15,1
DA:16,1
DA:17,1
DA:18,1
DA:19,1
DA:20,1
DA:21,1
DA:22,1
DA:23,1
DA:24,1
DA:25,1
DA:26,1
DA:27,1
DA:28,1
DA:29,1
DA:30,1
DA:31,1
DA:32,1
DA:33,1
DA:34,1
DA:35,1
DA:36,1
DA:37,1
DA:38,1
DA:39,1
DA:40,1
DA:41,1
DA:42,1
DA:43,1
DA:44,1
DA:45,1
DA:46,1
DA:47,1
DA:48,1
DA:49,1
LF:49
LH:49
BRDA:4,0,0,2
BRDA:4,1,0,2
BRDA:9,2,0,0
BRDA:13,3,0,1
BRDA:13,4,0,1
BRDA:22,5,0,1
BRDA:22,6,0,1
BRDA:33,7,0,1
BRDA:33,8,0,1
BRF:9
BRH:8
end_of_record
TN:
SF:src/modules/Controllers/motorista.ts
FN:4,create
FN:13,getList
FN:22,update
FN:33,deletar
FNF:4
FNH:4
FNDA:2,create
FNDA:1,getList
FNDA:1,update
FNDA:1,deletar
DA:1,1
DA:2,1
DA:3,1
DA:4,1
DA:5,2
DA:6,2
DA:7,2
DA:8,2
DA:9,2
DA:10,2
DA:11,2
DA:12,1
DA:13,1
DA:14,1
DA:15,1
DA:16,1
DA:17,1
DA:18,1
DA:19,1
DA:20,1
DA:21,1
DA:22,1
DA:23,1
DA:24,1
DA:25,1
DA:26,1
DA:27,1
DA:28,1
DA:29,1
DA:30,1
DA:31,1
DA:32,1
DA:33,1
DA:34,1
DA:35,1
DA:36,1
DA:37,1
DA:38,1
DA:39,1
DA:40,1
DA:41,1
DA:42,1
DA:43,1
DA:44,1
DA:45,1
DA:46,1
DA:47,1
DA:48,1
DA:49,1
LF:49
LH:49
BRDA:4,0,0,2
BRDA:4,1,0,2
BRDA:9,2,0,0
BRDA:13,3,0,1
BRDA:13,4,0,1
BRDA:22,5,0,1
BRDA:22,6,0,1
BRDA:33,7,0,1
BRDA:33,8,0,1
BRF:9
BRH:8
end_of_record
TN:
SF:src/modules/Controllers/plugins/validateAluguel.ts
FNF:0
FNH:0
DA:1,1
DA:2,1
DA:3,1
DA:4,1
DA:5,1
DA:6,1
DA:7,1
DA:8,1
DA:9,1
DA:10,1
DA:11,1
DA:12,1
DA:13,1
DA:14,1
DA:15,1
DA:16,1
DA:17,1
DA:18,1
DA:19,1
DA:20,1
DA:21,1
DA:22,1
DA:23,1
DA:24,1
DA:25,1
DA:26,1
DA:27,1
LF:27
LH:27
BRF:0
BRH:0
end_of_record
TN:
SF:src/modules/Controllers/plugins/validateAutomovel.ts
FNF:0
FNH:0
DA:1,1
DA:2,1
DA:3,1
DA:4,1
DA:5,1
DA:6,1
DA:7,1
DA:8,1
DA:9,1
DA:10,1
DA:11,1
DA:12,1
DA:13,1
DA:14,1
DA:15,1
DA:16,1
DA:17,1
DA:18,1
DA:19,1
DA:20,1
DA:21,1
DA:22,1
DA:23,1
DA:24,1
DA:25,1
DA:26,1
DA:27,1
DA:28,1
DA:29,1
DA:30,1
DA:31,1
DA:32,1
DA:33,1
DA:34,1
DA:35,1
DA:36,1
DA:37,1
DA:38,1
DA:39,1
DA:40,1
DA:41,1
DA:42,1
DA:43,1
DA:44,1
DA:45,1
DA:46,1
DA:47,1
DA:48,1
DA:49,1
DA:50,1
DA:51,1
DA:52,1
DA:53,1
DA:54,1
DA:55,1
DA:56,1
DA:57,1
DA:58,1
DA:59,1
DA:60,1
LF:60
LH:60
BRF:0
BRH:0
end_of_record
TN:
SF:src/modules/Controllers/plugins/validateMotorista.ts
FNF:0
FNH:0
DA:1,1
DA:2,1
DA:3,1
DA:4,1
DA:5,1
DA:6,1
DA:7,1
DA:8,1
DA:9,1
DA:10,1
DA:11,1
DA:12,1
DA:13,1
DA:14,1
DA:15,1
DA:16,1
DA:17,1
DA:18,1
DA:19,1
DA:20,1
DA:21,1
DA:22,1
DA:23,1
DA:24,1
DA:25,1
DA:26,1
DA:27,1
DA:28,1
DA:29,1
DA:30,1
DA:31,1
DA:32,1
DA:33,1
DA:34,1
DA:35,1
DA:36,1
DA:37,1
DA:38,1
DA:39,1
DA:40,1
DA:41,1
DA:42,1
DA:43,1
DA:44,1
DA:45,1
DA:46,1
DA:47,1
LF:47
LH:47
BRF:0
BRH:0
end_of_record
TN:
SF:src/modules/Mapper/aluguel.ts
FN:8,getPorMotoristasId
FN:15,create
FN:24,verificarMotorista
FN:37,verificarAutomovel
FN:50,getList
FN:64,update
FNF:6
FNH:0
FNDA:0,getPorMotoristasId
FNDA:0,create
FNDA:0,verificarMotorista
FNDA:0,verificarAutomovel
FNDA:0,getList
FNDA:0,update
DA:1,1
DA:2,1
DA:3,1
DA:4,1
DA:5,1
DA:6,1
DA:7,1
DA:8,1
DA:9,0
DA:10,0
DA:11,0
DA:12,0
DA:13,0
DA:14,1
DA:15,1
DA:16,0
DA:17,0
DA:18,0
DA:19,0
DA:20,0
DA:21,0
DA:22,0
DA:23,1
DA:24,1
DA:25,0
DA:26,0
DA:27,0
DA:28,0
DA:29,0
DA:30,0
DA:31,0
DA:32,0
DA:33,0
DA:34,0
DA:35,0
DA:36,1
DA:37,1
DA:38,0
DA:39,0
DA:40,0
DA:41,0
DA:42,0
DA:43,0
DA:44,0
DA:45,0
DA:46,0
DA:47,0
DA:48,0
DA:49,1
DA:50,1
DA:51,0
DA:52,0
DA:53,0
DA:54,0
DA:55,0
DA:56,0
DA:57,0
DA:58,0
DA:59,0
DA:60,0
DA:61,0
DA:62,0
DA:63,1
DA:64,1
DA:65,0
DA:66,0
DA:67,0
DA:68,0
DA:69,0
DA:70,0
DA:71,0
DA:72,0
DA:73,0
DA:74,1
DA:75,1
DA:76,1
DA:77,1
DA:78,1
DA:79,1
DA:80,1
DA:81,1
DA:82,1
LF:82
LH:27
BRF:0
BRH:0
end_of_record
TN:
SF:src/modules/Mapper/automovel.ts
FN:8,getPorId
FN:15,create
FN:34,getList
FN:54,update
FN:65,remove
FNF:5
FNH:5
FNDA:2,getPorId
FNDA:2,create
FNDA:1,getList
FNDA:1,update
FNDA:1,remove
DA:1,1
DA:2,1
DA:3,1
DA:4,1
DA:5,1
DA:6,1
DA:7,1
DA:8,1
DA:9,2
DA:10,2
DA:11,2
DA:12,2
DA:13,2
DA:14,1
DA:15,1
DA:16,2
DA:17,2
DA:18,2
DA:19,2
DA:20,2
DA:21,2
DA:22,2
DA:23,2
DA:24,1
DA:25,1
DA:26,1
DA:27,1
DA:28,1
DA:29,1
DA:30,2
DA:31,2
DA:32,2
DA:33,1
DA:34,1
DA:35,1
DA:36,1
DA:37,1
DA:38,1
DA:39,1
DA:40,1
DA:41,1
DA:42,0
DA:43,0
DA:44,1
DA:45,1
DA:46,0
DA:47,0
DA:48,1
DA:49,1
DA:50,1
DA:51,1
DA:52,1
DA:53,1
DA:54,1
DA:55,1
DA:56,1
DA:57,1
DA:58,1
DA:59,1
DA:60,1
DA:61,1
DA:62,1
DA:63,1
DA:64,1
DA:65,1
DA:66,1
DA:67,1
DA:68,1
DA:69,1
DA:70,1
DA:71,1
DA:72,1
DA:73,1
DA:74,1
DA:75,1
DA:76,1
DA:77,1
LF:77
LH:73
BRDA:8,0,0,2
BRDA:15,1,0,2
BRDA:15,2,0,2
BRDA:16,3,0,2
BRDA:16,4,0,2
BRDA:23,5,0,1
BRDA:34,6,0,1
BRDA:34,7,0,1
BRDA:41,8,0,0
BRDA:45,9,0,0
BRDA:54,10,0,1
BRDA:54,11,0,1
BRDA:65,12,0,1
BRDA:65,13,0,1
BRF:14
BRH:12
end_of_record
TN:
SF:src/modules/Mapper/motorista.ts
FN:8,getPorId
FN:15,create
FN:34,getList
FN:50,update
FN:61,deletar
FNF:5
FNH:5
FNDA:3,getPorId
FNDA:2,create
FNDA:1,getList
FNDA:1,update
FNDA:1,deletar
DA:1,1
DA:2,1
DA:3,1
DA:4,1
DA:5,1
DA:6,1
DA:7,1
DA:8,1
DA:9,3
DA:10,3
DA:11,3
DA:12,3
DA:13,3
DA:14,1
DA:15,1
DA:16,2
DA:17,2
DA:18,2
DA:19,2
DA:20,2
DA:21,2
DA:22,2
DA:23,2
DA:24,1
DA:25,1
DA:26,1
DA:27,1
DA:28,1
DA:29,1
DA:30,2
DA:31,2
DA:32,2
DA:33,1
DA:34,1
DA:35,1
DA:36,1
DA:37,1
DA:38,1
DA:39,1
DA:40,1
DA:41,1
DA:42,0
DA:43,0
DA:44,1
DA:45,1
DA:46,1
DA:47,1
DA:48,1
DA:49,1
DA:50,1
DA:51,1
DA:52,1
DA:53,1
DA:54,1
DA:55,1
DA:56,1
DA:57,1
DA:58,1
DA:59,1
DA:60,1
DA:61,1
DA:62,1
DA:63,1
DA:64,1
DA:65,1
DA:66,1
DA:67,1
DA:68,1
DA:69,1
DA:70,1
DA:71,1
DA:72,1
DA:73,1
LF:73
LH:71
BRDA:8,0,0,3
BRDA:15,1,0,2
BRDA:15,2,0,2
BRDA:16,3,0,2
BRDA:16,4,0,2
BRDA:23,5,0,1
BRDA:34,6,0,1
BRDA:34,7,0,1
BRDA:41,8,0,0
BRDA:50,9,0,1
BRDA:50,10,0,1
BRDA:61,11,0,1
BRDA:61,12,0,1
BRF:13
BRH:12
end_of_record
TN:
SF:src/modules/Services/aluguel.ts
FN:10,motoristaExiste
FN:18,automovelExiste
FN:26,create
FN:49,getList
FN:55,update
FNF:5
FNH:2
FNDA:1,motoristaExiste
FNDA:0,automovelExiste
FNDA:1,create
FNDA:0,getList
FNDA:0,update
DA:1,1
DA:2,1
DA:3,1
DA:4,1
DA:5,1
DA:6,1
DA:7,1
DA:8,1
DA:9,1
DA:10,1
DA:11,1
DA:12,1
DA:13,1
DA:14,1
DA:15,1
DA:16,1
DA:17,1
DA:18,1
DA:19,0
DA:20,0
DA:21,0
DA:22,0
DA:23,0
DA:24,0
DA:25,1
DA:26,1
DA:27,1
DA:28,1
DA:29,1
DA:30,1
DA:31,1
DA:32,1
DA:33,1
DA:34,1
DA:35,1
DA:36,1
DA:37,1
DA:38,1
DA:39,1
DA:40,1
DA:41,1
DA:42,1
DA:43,1
DA:44,1
DA:45,1
DA:46,1
DA:47,1
DA:48,1
DA:49,1
DA:50,0
DA:51,0
DA:52,0
DA:53,0
DA:54,1
DA:55,1
DA:56,0
DA:57,0
DA:58,0
DA:59,0
DA:60,0
DA:61,0
DA:62,0
DA:63,0
DA:64,0
DA:65,0
DA:66,1
DA:67,1
DA:68,1
DA:69,1
DA:70,1
DA:71,1
LF:71
LH:51
BRDA:10,0,0,1
BRDA:10,1,0,1
BRDA:11,2,0,1
BRDA:26,3,0,1
BRDA:26,4,0,1
BRF:5
BRH:5
end_of_record
TN:
SF:src/modules/Services/automovel.ts
FN:6,create
FN:12,getList
FN:18,update
FN:28,remove
FNF:4
FNH:4
FNDA:2,create
FNDA:1,getList
FNDA:1,update
FNDA:1,remove
DA:1,1
DA:2,1
DA:3,1
DA:4,1
DA:5,1
DA:6,1
DA:7,2
DA:8,2
DA:9,2
DA:10,2
DA:11,1
DA:12,1
DA:13,1
DA:14,1
DA:15,1
DA:16,1
DA:17,1
DA:18,1
DA:19,1
DA:20,1
DA:21,1
DA:22,0
DA:23,0
DA:24,1
DA:25,1
DA:26,1
DA:27,1
DA:28,1
DA:29,1
DA:30,1
DA:31,1
DA:32,0
DA:33,0
DA:34,1
DA:35,1
DA:36,1
DA:37,1
DA:38,1
DA:39,1
DA:40,1
DA:41,1
DA:42,1
DA:43,1
LF:43
LH:39
BRDA:6,0,0,2
BRDA:6,1,0,2
BRDA:7,2,0,2
BRDA:12,3,0,1
BRDA:12,4,0,1
BRDA:13,5,0,1
BRDA:18,6,0,1
BRDA:18,7,0,1
BRDA:19,8,0,1
BRDA:21,9,0,0
BRDA:28,10,0,1
BRDA:28,11,0,1
BRDA:29,12,0,1
BRDA:31,13,0,0
BRF:14
BRH:12
end_of_record
TN:
SF:src/modules/Services/motorista.ts
FN:6,create
FN:12,getList
FN:18,update
FN:28,deletar
FNF:4
FNH:4
FNDA:2,create
FNDA:1,getList
FNDA:1,update
FNDA:1,deletar
DA:1,1
DA:2,1
DA:3,1
DA:4,1
DA:5,1
DA:6,1
DA:7,2
DA:8,2
DA:9,2
DA:10,2
DA:11,1
DA:12,1
DA:13,1
DA:14,1
DA:15,1
DA:16,1
DA:17,1
DA:18,1
DA:19,1
DA:20,1
DA:21,1
DA:22,0
DA:23,0
DA:24,1
DA:25,1
DA:26,1
DA:27,1
DA:28,1
DA:29,1
DA:30,1
DA:31,1
DA:32,0
DA:33,0
DA:34,1
DA:35,1
DA:36,1
DA:37,1
DA:38,1
DA:39,1
DA:40,1
DA:41,1
DA:42,1
DA:43,1
LF:43
LH:39
BRDA:6,0,0,2
BRDA:6,1,0,2
BRDA:7,2,0,2
BRDA:12,3,0,1
BRDA:12,4,0,1
BRDA:13,5,0,1
BRDA:18,6,0,1
BRDA:18,7,0,1
BRDA:19,8,0,1
BRDA:21,9,0,0
BRDA:28,10,0,1
BRDA:28,11,0,1
BRDA:29,12,0,1
BRDA:31,13,0,0
BRF:14
BRH:12
end_of_record
TN:
SF:src/utils/exception-error.ts
FN:6,ExceptionError
FNF:1
FNH:1
FNDA:3,ExceptionError
DA:1,1
DA:2,1
DA:3,1
DA:4,1
DA:5,1
DA:6,1
DA:7,1
DA:8,1
DA:9,1
DA:10,1
DA:11,1
DA:12,1
LF:12
LH:12
BRDA:6,0,0,3
BRF:1
BRH:1
end_of_record
TN:
SF:src/utils/index.ts
FN:2,get
FNF:1
FNH:1
FNDA:3,get
DA:1,1
DA:2,1
LF:2
LH:2
BRDA:2,0,0,3
BRF:1
BRH:1
end_of_record
TN:
SF:src/views/aluguel.ts
FN:14,render
FNF:1
FNH:0
FNDA:0,render
DA:1,1
DA:2,1
DA:3,1
DA:4,1
DA:5,1
DA:6,1
DA:7,1
DA:8,1
DA:9,1
DA:10,1
DA:11,1
DA:12,1
DA:13,1
DA:14,1
DA:15,1
DA:16,1
DA:17,1
DA:18,1
DA:19,1
DA:20,1
DA:21,1
DA:22,1
DA:23,1
DA:24,1
DA:25,1
DA:26,1
LF:26
LH:26
BRF:0
BRH:0
end_of_record
